info it worked if it ends with ok
verbose cli [ 'node', '/usr/local/bin/npm', 'publish' ]
info using npm@1.1.0-alpha-2
info using node@v0.6.3
verbose config file /Users/nherment/.npmrc
verbose config file /usr/local/etc/npmrc
verbose config file /usr/local/lib/node_modules/npm/npmrc
verbose publish [ '.' ]
verbose caching /Users/nherment/workspace/node-serial/package.json
verbose loadDefaults serial@0.0.1
info prepublish serial@0.0.1
verbose cache add [ '.', null ]
silly cache add: name, spec, args [ undefined, '.', [ '.', null ] ]
verbose parsed url { pathname: '.', path: '.', href: '.' }
verbose caching package.json
verbose loadDefaults serial@0.0.1
verbose pack /Users/nherment/workspace/node-serial /var/folders/Rq/RqT8Xk4wHU8BoFW7GAhlc++++TI/-Tmp-/npm-1327543281782/1327543281782-0.6255796025507152/tmp.tgz
silly makeList /Users/nherment/workspace/node-serial
verbose tarball /var/folders/Rq/RqT8Xk4wHU8BoFW7GAhlc++++TI/-Tmp-/npm-1327543281782/1327543281782-0.6255796025507152/tmp.tgz
verbose parent /Users/nherment/workspace/node-serial
verbose mkdir (expected) error ENOENT, no such file or directory '/var/folders/Rq/RqT8Xk4wHU8BoFW7GAhlc++++TI/-Tmp-/npm-1327543281782/1327543281782-0.6255796025507152/___package.npm'
verbose mkdir done: /var/folders/Rq/RqT8Xk4wHU8BoFW7GAhlc++++TI/-Tmp-/npm-1327543281782/1327543281782-0.6255796025507152/___package.npm 755
verbose unpack_ uid, gid [ undefined, undefined ]
verbose unpackTarget /var/folders/Rq/RqT8Xk4wHU8BoFW7GAhlc++++TI/-Tmp-/npm-1327543281782/1327543281782-0.6255796025507152/package
silly gunzTarPerm modes [ '755', '644' ]
silly afterUntar undefined
silly asyncMap in gTP /var/folders/Rq/RqT8Xk4wHU8BoFW7GAhlc++++TI/-Tmp-/npm-1327543281782/1327543281782-0.6255796025507152/___package.npm/node-serial
silly asyncMap in gTP /var/folders/Rq/RqT8Xk4wHU8BoFW7GAhlc++++TI/-Tmp-/npm-1327543281782/1327543281782-0.6255796025507152/___package.npm/node-serial/index.js
silly asyncMap in gTP /var/folders/Rq/RqT8Xk4wHU8BoFW7GAhlc++++TI/-Tmp-/npm-1327543281782/1327543281782-0.6255796025507152/___package.npm/node-serial/package.json
silly asyncMap in gTP /var/folders/Rq/RqT8Xk4wHU8BoFW7GAhlc++++TI/-Tmp-/npm-1327543281782/1327543281782-0.6255796025507152/___package.npm/node-serial/README.md
silly asyncMap in gTP /var/folders/Rq/RqT8Xk4wHU8BoFW7GAhlc++++TI/-Tmp-/npm-1327543281782/1327543281782-0.6255796025507152/___package.npm/node-serial/lib
silly asyncMap in gTP /var/folders/Rq/RqT8Xk4wHU8BoFW7GAhlc++++TI/-Tmp-/npm-1327543281782/1327543281782-0.6255796025507152/___package.npm/node-serial/lib/Serial.js
verbose gunzed /var/folders/Rq/RqT8Xk4wHU8BoFW7GAhlc++++TI/-Tmp-/npm-1327543281782/1327543281782-0.6255796025507152/___package.npm/node-serial
verbose rm'ed /var/folders/Rq/RqT8Xk4wHU8BoFW7GAhlc++++TI/-Tmp-/npm-1327543281782/1327543281782-0.6255796025507152/package
verbose renamed [ '/var/folders/Rq/RqT8Xk4wHU8BoFW7GAhlc++++TI/-Tmp-/npm-1327543281782/1327543281782-0.6255796025507152/___package.npm/node-serial',
verbose renamed   '/var/folders/Rq/RqT8Xk4wHU8BoFW7GAhlc++++TI/-Tmp-/npm-1327543281782/1327543281782-0.6255796025507152/package' ]
verbose caching /var/folders/Rq/RqT8Xk4wHU8BoFW7GAhlc++++TI/-Tmp-/npm-1327543281782/1327543281782-0.6255796025507152/package/package.json
verbose loadDefaults serial@0.0.1
verbose tarball contents [ 'package', 'tmp.tgz' ]
verbose from cache /var/folders/Rq/RqT8Xk4wHU8BoFW7GAhlc++++TI/-Tmp-/npm-1327543281782/1327543281782-0.6255796025507152/package/package.json
verbose pack /var/folders/Rq/RqT8Xk4wHU8BoFW7GAhlc++++TI/-Tmp-/npm-1327543281782/1327543281782-0.6255796025507152/package /Users/nherment/.npm/serial/0.0.1/package.tgz
silly makeList /var/folders/Rq/RqT8Xk4wHU8BoFW7GAhlc++++TI/-Tmp-/npm-1327543281782/1327543281782-0.6255796025507152/package
verbose tarball /Users/nherment/.npm/serial/0.0.1/package.tgz
verbose parent /var/folders/Rq/RqT8Xk4wHU8BoFW7GAhlc++++TI/-Tmp-/npm-1327543281782/1327543281782-0.6255796025507152/package
verbose mkdir (expected) error ENOENT, no such file or directory '/Users/nherment/.npm/serial/0.0.1/___package.npm'
verbose mkdir done: /Users/nherment/.npm/serial/0.0.1/___package.npm 755
verbose unpack_ uid, gid [ undefined, undefined ]
verbose unpackTarget /Users/nherment/.npm/serial/0.0.1/package
silly gunzTarPerm modes [ '755', '644' ]
silly afterUntar undefined
silly asyncMap in gTP /Users/nherment/.npm/serial/0.0.1/___package.npm/package
silly asyncMap in gTP /Users/nherment/.npm/serial/0.0.1/___package.npm/package/index.js
silly asyncMap in gTP /Users/nherment/.npm/serial/0.0.1/___package.npm/package/package.json
silly asyncMap in gTP /Users/nherment/.npm/serial/0.0.1/___package.npm/package/README.md
silly asyncMap in gTP /Users/nherment/.npm/serial/0.0.1/___package.npm/package/lib
silly asyncMap in gTP /Users/nherment/.npm/serial/0.0.1/___package.npm/package/lib/Serial.js
verbose gunzed /Users/nherment/.npm/serial/0.0.1/___package.npm/package
verbose rm'ed /Users/nherment/.npm/serial/0.0.1/package
verbose renamed [ '/Users/nherment/.npm/serial/0.0.1/___package.npm/package',
verbose renamed   '/Users/nherment/.npm/serial/0.0.1/package' ]
verbose caching /Users/nherment/.npm/serial/0.0.1/package/package.json
verbose loadDefaults serial@0.0.1
silly updated sha bytes 1314
info shasum 713bd6de9aa5007d5133bae0c476ca0da03db1c5
info shasum /Users/nherment/.npm/serial/0.0.1/package.tgz
verbose from cache /Users/nherment/.npm/serial/0.0.1/package/package.json
verbose chmod /Users/nherment/.npm/serial/0.0.1/package.tgz 644
verbose chown [ '/Users/nherment/.npm/serial/0.0.1/package.tgz', 501, 20 ]
silly publish { name: 'serial',
silly publish   description: 'Serial runner for asynchronous functions',
silly publish   version: '0.0.1',
silly publish   author: { name: 'Nicolas Herment', email: 'nherment@modeln.com' },
silly publish   private: false,
silly publish   contributors: [],
silly publish   dependencies: {},
silly publish   devDependencies: { should: '' },
silly publish   scripts: { test: 'mocha' },
silly publish   keywords: [ 'serial', 'asynchronous', 'chain' ],
silly publish   repository: 
silly publish    { type: 'git',
silly publish      url: 'git://github.com/nherment/node-serial.git' },
silly publish   main: 'index',
silly publish   _npmUser: { name: 'nherment', email: 'nherment@gmail.com' },
silly publish   _id: 'serial@0.0.1',
silly publish   engines: { node: '*' },
silly publish   _engineSupported: true,
silly publish   _npmVersion: '1.1.0-alpha-2',
silly publish   _nodeVersion: 'v0.6.3',
silly publish   _defaultsLoaded: true,
silly publish   dist: 
silly publish    { shasum: '713bd6de9aa5007d5133bae0c476ca0da03db1c5',
silly publish      tarball: 'http://registry.npmjs.org/serial/-/serial-0.0.1.tgz' } }
verbose PUT serial
verbose raw, before any munging serial
verbose url resolving [ 'https://registry.npmjs.org/', './serial' ]
verbose url resolved https://registry.npmjs.org/serial
verbose GET serial
verbose raw, before any munging serial
verbose url resolving [ 'https://registry.npmjs.org/', './serial' ]
verbose url resolved https://registry.npmjs.org/serial
info Already published serial@0.0.1
verbose uploading bin dists []
ERR! publish fail Cannot publish over existing version.
ERR! publish fail Bump the 'version' field, set the --force flag, or
ERR! publish fail     npm unpublish 'serial@0.0.1'
ERR! publish fail and try again
ERR! 
ERR! System Darwin 10.8.0
ERR! command "node" "/usr/local/bin/npm" "publish"
ERR! cwd /Users/nherment/workspace/node-serial
ERR! node -v v0.6.3
ERR! npm -v 1.1.0-alpha-2
ERR! code EPUBLISHCONFLICT
ERR! message publish fail
verbose exit [ 1, true ]
